2025-08-07 09:11:17,556 - WARNING - Not Found: /
2025-08-07 09:11:20,594 - INFO - Successfully created DB engine.
2025-08-07 09:11:20,635 - INFO - package: mysql.connector.plugins
2025-08-07 09:11:20,635 - INFO - plugin_name: caching_sha2_password
2025-08-07 09:11:20,635 - INFO - AUTHENTICATION_PLUGIN_CLASS: MySQLCachingSHA2PasswordAuthPlugin
2025-08-07 09:11:20,635 - INFO - package: mysql.connector.plugins
2025-08-07 09:11:20,635 - INFO - plugin_name: mysql_native_password
2025-08-07 09:11:20,635 - INFO - AUTHENTICATION_PLUGIN_CLASS: MySQLNativePasswordAuthPlugin
2025-08-07 09:11:28,619 - INFO - Successfully created DB engine.
2025-08-07 09:11:38,321 - INFO - Successfully created DB engine.
2025-08-07 09:11:38,395 - INFO - Successfully created DB engine.
2025-08-07 09:12:01,037 - INFO - Successfully created DB engine.
2025-08-07 09:12:09,206 - INFO - Successfully created DB engine.
2025-08-07 09:12:09,257 - INFO - Successfully created DB engine.
2025-08-07 09:14:09,281 - INFO - Successfully created DB engine.
2025-08-07 09:14:09,321 - INFO - package: mysql.connector.plugins
2025-08-07 09:14:09,321 - INFO - plugin_name: caching_sha2_password
2025-08-07 09:14:09,321 - INFO - AUTHENTICATION_PLUGIN_CLASS: MySQLCachingSHA2PasswordAuthPlugin
2025-08-07 09:14:09,321 - INFO - package: mysql.connector.plugins
2025-08-07 09:14:09,321 - INFO - plugin_name: mysql_native_password
2025-08-07 09:14:09,321 - INFO - AUTHENTICATION_PLUGIN_CLASS: MySQLNativePasswordAuthPlugin
2025-08-07 09:14:09,340 - INFO - Successfully created DB engine.
2025-08-07 09:14:23,414 - INFO - Successfully created DB engine.
2025-08-07 09:14:31,095 - INFO - Successfully created DB engine.
2025-08-07 09:14:31,147 - INFO - Successfully created DB engine.
2025-08-07 09:35:00,312 - INFO - /home/asus/PROJECT/Seismo/seismos_app/views.py changed, reloading.
2025-08-07 09:35:09,689 - INFO - Successfully created DB engine.
2025-08-07 09:35:09,728 - INFO - package: mysql.connector.plugins
2025-08-07 09:35:09,728 - INFO - plugin_name: caching_sha2_password
2025-08-07 09:35:09,728 - INFO - AUTHENTICATION_PLUGIN_CLASS: MySQLCachingSHA2PasswordAuthPlugin
2025-08-07 09:35:09,728 - INFO - package: mysql.connector.plugins
2025-08-07 09:35:09,728 - INFO - plugin_name: mysql_native_password
2025-08-07 09:35:09,728 - INFO - AUTHENTICATION_PLUGIN_CLASS: MySQLNativePasswordAuthPlugin
2025-08-07 09:35:17,105 - INFO - Successfully created DB engine.
2025-08-07 09:35:23,426 - INFO - Successfully created DB engine.
2025-08-07 09:35:30,272 - INFO - Hisoblangan radius(R): 100.0 km
2025-08-07 09:35:31,794 - INFO - Successfully created DB engine.
2025-08-07 09:35:31,848 - INFO - Successfully created DB engine.
2025-08-07 09:35:32,587 - ERROR - Results view error: Trace type 'scattermapbox' is not compatible with subplot type 'xy'
at grid position (1, 2)

See the docstring for the specs argument to plotly.subplots.make_subplots
for more information on subplot types
2025-08-07 09:37:22,332 - INFO - /home/asus/PROJECT/Seismo/seismos_app/views.py changed, reloading.
2025-08-07 09:37:26,699 - INFO - Hisoblangan radius(R): 100.0 km
2025-08-07 09:37:28,262 - INFO - Successfully created DB engine.
2025-08-07 09:37:28,301 - INFO - package: mysql.connector.plugins
2025-08-07 09:37:28,302 - INFO - plugin_name: caching_sha2_password
2025-08-07 09:37:28,302 - INFO - AUTHENTICATION_PLUGIN_CLASS: MySQLCachingSHA2PasswordAuthPlugin
2025-08-07 09:37:28,302 - INFO - package: mysql.connector.plugins
2025-08-07 09:37:28,302 - INFO - plugin_name: mysql_native_password
2025-08-07 09:37:28,302 - INFO - AUTHENTICATION_PLUGIN_CLASS: MySQLNativePasswordAuthPlugin
2025-08-07 09:37:28,322 - INFO - Successfully created DB engine.
2025-08-07 09:40:41,956 - INFO - /home/asus/PROJECT/Seismo/seismos_app/views.py changed, reloading.
2025-08-07 09:40:56,898 - INFO - Hisoblangan radius(R): 100.0 km
2025-08-07 09:40:58,442 - INFO - Successfully created DB engine.
2025-08-07 09:40:58,481 - INFO - package: mysql.connector.plugins
2025-08-07 09:40:58,481 - INFO - plugin_name: caching_sha2_password
2025-08-07 09:40:58,481 - INFO - AUTHENTICATION_PLUGIN_CLASS: MySQLCachingSHA2PasswordAuthPlugin
2025-08-07 09:40:58,481 - INFO - package: mysql.connector.plugins
2025-08-07 09:40:58,481 - INFO - plugin_name: mysql_native_password
2025-08-07 09:40:58,481 - INFO - AUTHENTICATION_PLUGIN_CLASS: MySQLNativePasswordAuthPlugin
2025-08-07 09:40:58,499 - INFO - Successfully created DB engine.
2025-08-07 09:44:16,446 - INFO - /home/asus/PROJECT/Seismo/seismos_app/views.py changed, reloading.
2025-08-07 09:44:26,948 - INFO - Hisoblangan radius(R): 100.0 km
2025-08-07 09:44:28,499 - INFO - Successfully created DB engine.
2025-08-07 09:44:28,538 - INFO - package: mysql.connector.plugins
2025-08-07 09:44:28,538 - INFO - plugin_name: caching_sha2_password
2025-08-07 09:44:28,538 - INFO - AUTHENTICATION_PLUGIN_CLASS: MySQLCachingSHA2PasswordAuthPlugin
2025-08-07 09:44:28,538 - INFO - package: mysql.connector.plugins
2025-08-07 09:44:28,538 - INFO - plugin_name: mysql_native_password
2025-08-07 09:44:28,538 - INFO - AUTHENTICATION_PLUGIN_CLASS: MySQLNativePasswordAuthPlugin
2025-08-07 09:44:28,559 - INFO - Successfully created DB engine.
2025-08-07 09:46:51,665 - INFO - /home/asus/PROJECT/Seismo/seismos_app/views.py changed, reloading.
2025-08-07 09:47:00,300 - INFO - Hisoblangan radius(R): 100.0 km
2025-08-07 09:47:01,831 - INFO - Successfully created DB engine.
2025-08-07 09:47:01,869 - INFO - package: mysql.connector.plugins
2025-08-07 09:47:01,869 - INFO - plugin_name: caching_sha2_password
2025-08-07 09:47:01,869 - INFO - AUTHENTICATION_PLUGIN_CLASS: MySQLCachingSHA2PasswordAuthPlugin
2025-08-07 09:47:01,869 - INFO - package: mysql.connector.plugins
2025-08-07 09:47:01,869 - INFO - plugin_name: mysql_native_password
2025-08-07 09:47:01,870 - INFO - AUTHENTICATION_PLUGIN_CLASS: MySQLNativePasswordAuthPlugin
2025-08-07 09:47:01,889 - INFO - Successfully created DB engine.
2025-08-07 09:49:28,779 - INFO - /home/asus/PROJECT/Seismo/seismos_app/views.py changed, reloading.
2025-08-07 09:49:47,295 - INFO - Hisoblangan radius(R): 100.0 km
2025-08-07 09:49:48,836 - INFO - Successfully created DB engine.
2025-08-07 09:49:48,888 - INFO - package: mysql.connector.plugins
2025-08-07 09:49:48,888 - INFO - plugin_name: caching_sha2_password
2025-08-07 09:49:48,888 - INFO - AUTHENTICATION_PLUGIN_CLASS: MySQLCachingSHA2PasswordAuthPlugin
2025-08-07 09:49:48,888 - INFO - package: mysql.connector.plugins
2025-08-07 09:49:48,888 - INFO - plugin_name: mysql_native_password
2025-08-07 09:49:48,889 - INFO - AUTHENTICATION_PLUGIN_CLASS: MySQLNativePasswordAuthPlugin
2025-08-07 09:49:48,911 - INFO - Successfully created DB engine.
2025-08-07 09:50:22,353 - INFO - Successfully created DB engine.
2025-08-07 09:50:32,328 - INFO - Successfully created DB engine.
2025-08-07 09:50:41,628 - INFO - Hisoblangan radius(R): 100.0 km
2025-08-07 09:50:43,088 - INFO - Successfully created DB engine.
2025-08-07 09:50:43,141 - INFO - Successfully created DB engine.
2025-08-07 09:59:06,988 - INFO - /home/asus/PROJECT/Seismo/seismos_app/views.py changed, reloading.
2025-08-07 09:59:16,379 - INFO - Hisoblangan radius(R): 100.0 km
2025-08-07 09:59:17,904 - INFO - Successfully created DB engine.
2025-08-07 09:59:17,942 - INFO - package: mysql.connector.plugins
2025-08-07 09:59:17,942 - INFO - plugin_name: caching_sha2_password
2025-08-07 09:59:17,942 - INFO - AUTHENTICATION_PLUGIN_CLASS: MySQLCachingSHA2PasswordAuthPlugin
2025-08-07 09:59:17,942 - INFO - package: mysql.connector.plugins
2025-08-07 09:59:17,942 - INFO - plugin_name: mysql_native_password
2025-08-07 09:59:17,943 - INFO - AUTHENTICATION_PLUGIN_CLASS: MySQLNativePasswordAuthPlugin
2025-08-07 09:59:17,963 - INFO - Successfully created DB engine.
2025-08-07 10:01:31,222 - INFO - /home/asus/PROJECT/Seismo/seismos_app/views.py changed, reloading.
2025-08-07 10:01:39,349 - INFO - /home/asus/PROJECT/Seismo/seismos_app/views.py changed, reloading.
2025-08-07 10:01:44,344 - INFO - /home/asus/PROJECT/Seismo/seismos_app/views.py changed, reloading.
2025-08-07 10:01:51,740 - INFO - Hisoblangan radius(R): 100.0 km
2025-08-07 10:01:53,314 - INFO - Successfully created DB engine.
2025-08-07 10:01:53,354 - INFO - package: mysql.connector.plugins
2025-08-07 10:01:53,354 - INFO - plugin_name: caching_sha2_password
2025-08-07 10:01:53,354 - INFO - AUTHENTICATION_PLUGIN_CLASS: MySQLCachingSHA2PasswordAuthPlugin
2025-08-07 10:01:53,354 - INFO - package: mysql.connector.plugins
2025-08-07 10:01:53,355 - INFO - plugin_name: mysql_native_password
2025-08-07 10:01:53,355 - INFO - AUTHENTICATION_PLUGIN_CLASS: MySQLNativePasswordAuthPlugin
2025-08-07 10:01:53,374 - INFO - Successfully created DB engine.
2025-08-07 10:03:14,304 - INFO - Successfully created DB engine.
2025-08-07 10:03:22,294 - INFO - Hisoblangan radius(R): 10000.0 km
2025-08-07 10:03:23,741 - INFO - Successfully created DB engine.
2025-08-07 10:03:23,793 - INFO - Successfully created DB engine.
2025-08-07 10:04:03,546 - INFO - Hisoblangan radius(R): 21.544346900318832 km
2025-08-07 10:04:04,980 - INFO - Successfully created DB engine.
2025-08-07 10:04:05,032 - INFO - Successfully created DB engine.
2025-08-07 10:35:58,706 - INFO - /home/asus/PROJECT/Seismo/seismos_app/views.py changed, reloading.
2025-08-07 10:36:03,758 - INFO - /home/asus/PROJECT/Seismo/seismos_app/views.py changed, reloading.
2025-08-07 10:37:02,886 - INFO - Hisoblangan radius(R): 21.544346900318832 km
2025-08-07 10:37:04,439 - INFO - Successfully created DB engine.
2025-08-07 10:37:04,478 - INFO - package: mysql.connector.plugins
2025-08-07 10:37:04,478 - INFO - plugin_name: caching_sha2_password
2025-08-07 10:37:04,478 - INFO - AUTHENTICATION_PLUGIN_CLASS: MySQLCachingSHA2PasswordAuthPlugin
2025-08-07 10:37:04,478 - INFO - package: mysql.connector.plugins
2025-08-07 10:37:04,478 - INFO - plugin_name: mysql_native_password
2025-08-07 10:37:04,479 - INFO - AUTHENTICATION_PLUGIN_CLASS: MySQLNativePasswordAuthPlugin
2025-08-07 10:37:04,499 - INFO - Successfully created DB engine.
2025-08-07 10:46:22,305 - INFO - /home/asus/PROJECT/Seismo/seismos_app/views.py changed, reloading.
2025-08-07 10:47:11,920 - WARNING - Not Found: /
2025-08-07 10:47:15,029 - INFO - Successfully created DB engine.
2025-08-07 10:47:15,069 - INFO - package: mysql.connector.plugins
2025-08-07 10:47:15,070 - INFO - plugin_name: caching_sha2_password
2025-08-07 10:47:15,070 - INFO - AUTHENTICATION_PLUGIN_CLASS: MySQLCachingSHA2PasswordAuthPlugin
2025-08-07 10:47:15,070 - INFO - package: mysql.connector.plugins
2025-08-07 10:47:15,070 - INFO - plugin_name: mysql_native_password
2025-08-07 10:47:15,070 - INFO - AUTHENTICATION_PLUGIN_CLASS: MySQLNativePasswordAuthPlugin
2025-08-07 10:47:28,196 - INFO - Successfully created DB engine.
2025-08-07 10:47:34,799 - INFO - Hisoblangan radius(R): 100.0 km
2025-08-07 10:47:36,313 - INFO - Successfully created DB engine.
2025-08-07 10:47:36,368 - INFO - Successfully created DB engine.
2025-08-07 10:47:36,989 - ERROR - Results view error: /media/full_analysis_20250807_104736.html
2025-08-07 10:47:40,636 - INFO - Successfully created DB engine.
2025-08-07 10:49:28,445 - WARNING - Not Found: /
2025-08-07 10:49:31,928 - INFO - Successfully created DB engine.
2025-08-07 10:49:31,969 - INFO - package: mysql.connector.plugins
2025-08-07 10:49:31,969 - INFO - plugin_name: caching_sha2_password
2025-08-07 10:49:31,969 - INFO - AUTHENTICATION_PLUGIN_CLASS: MySQLCachingSHA2PasswordAuthPlugin
2025-08-07 10:49:31,969 - INFO - package: mysql.connector.plugins
2025-08-07 10:49:31,969 - INFO - plugin_name: mysql_native_password
2025-08-07 10:49:31,969 - INFO - AUTHENTICATION_PLUGIN_CLASS: MySQLNativePasswordAuthPlugin
2025-08-07 10:49:37,396 - INFO - Successfully created DB engine.
2025-08-07 10:49:43,826 - INFO - Hisoblangan radius(R): 100.0 km
2025-08-07 10:49:45,319 - INFO - Successfully created DB engine.
2025-08-07 10:49:45,379 - INFO - Successfully created DB engine.
2025-08-07 10:49:45,791 - ERROR - Results view error: /media/full_analysis_20250807_104945.html
2025-08-07 10:50:27,474 - INFO - Hisoblangan radius(R): 100.0 km
2025-08-07 10:50:28,921 - INFO - Successfully created DB engine.
2025-08-07 10:50:28,972 - INFO - Successfully created DB engine.
2025-08-07 10:50:29,274 - ERROR - Results view error: /media/full_analysis_20250807_105029.html
2025-08-07 10:51:45,944 - INFO - /home/asus/PROJECT/Seismo/seismos_app/views.py changed, reloading.
2025-08-07 10:51:50,959 - INFO - /home/asus/PROJECT/Seismo/seismos_app/views.py changed, reloading.
2025-08-07 10:52:20,268 - INFO - /home/asus/PROJECT/Seismo/seismos_app/views.py changed, reloading.
2025-08-07 10:52:44,916 - INFO - Successfully created DB engine.
2025-08-07 10:52:44,957 - INFO - package: mysql.connector.plugins
2025-08-07 10:52:44,957 - INFO - plugin_name: caching_sha2_password
2025-08-07 10:52:44,957 - INFO - AUTHENTICATION_PLUGIN_CLASS: MySQLCachingSHA2PasswordAuthPlugin
2025-08-07 10:52:44,957 - INFO - package: mysql.connector.plugins
2025-08-07 10:52:44,957 - INFO - plugin_name: mysql_native_password
2025-08-07 10:52:44,958 - INFO - AUTHENTICATION_PLUGIN_CLASS: MySQLNativePasswordAuthPlugin
2025-08-07 10:52:52,518 - INFO - Successfully created DB engine.
2025-08-07 10:52:52,575 - INFO - Successfully created DB engine.
2025-08-07 10:52:52,827 - ERROR - Results view error: /media/full_analysis_20250807_105252.html
2025-08-07 10:56:37,542 - INFO - /home/asus/PROJECT/Seismo/seismos_app/views.py changed, reloading.
2025-08-07 10:56:48,930 - INFO - Successfully created DB engine.
2025-08-07 10:56:48,969 - INFO - package: mysql.connector.plugins
2025-08-07 10:56:48,969 - INFO - plugin_name: caching_sha2_password
2025-08-07 10:56:48,969 - INFO - AUTHENTICATION_PLUGIN_CLASS: MySQLCachingSHA2PasswordAuthPlugin
2025-08-07 10:56:48,969 - INFO - package: mysql.connector.plugins
2025-08-07 10:56:48,969 - INFO - plugin_name: mysql_native_password
2025-08-07 10:56:48,970 - INFO - AUTHENTICATION_PLUGIN_CLASS: MySQLNativePasswordAuthPlugin
2025-08-07 10:56:48,991 - INFO - Successfully created DB engine.
2025-08-07 10:56:49,247 - ERROR - Results view error: /media/full_analysis_20250807_105649.html
2025-08-07 10:57:45,241 - INFO - Successfully created DB engine.
2025-08-07 10:57:45,292 - INFO - Successfully created DB engine.
2025-08-07 10:57:45,452 - ERROR - Results view error: /media/full_analysis_20250807_105745.html
2025-08-07 10:58:57,807 - INFO - /home/asus/PROJECT/Seismo/seismos_app/views.py changed, reloading.
2025-08-07 10:59:35,214 - INFO - /home/asus/PROJECT/Seismo/seismos_app/views.py changed, reloading.
2025-08-07 10:59:42,157 - INFO - Successfully created DB engine.
2025-08-07 10:59:42,196 - INFO - package: mysql.connector.plugins
2025-08-07 10:59:42,196 - INFO - plugin_name: caching_sha2_password
2025-08-07 10:59:42,196 - INFO - AUTHENTICATION_PLUGIN_CLASS: MySQLCachingSHA2PasswordAuthPlugin
2025-08-07 10:59:42,197 - INFO - package: mysql.connector.plugins
2025-08-07 10:59:42,197 - INFO - plugin_name: mysql_native_password
2025-08-07 10:59:42,197 - INFO - AUTHENTICATION_PLUGIN_CLASS: MySQLNativePasswordAuthPlugin
2025-08-07 10:59:42,217 - INFO - Successfully created DB engine.
2025-08-07 10:59:42,472 - ERROR - Results view error: /media/full_analysis_20250807_105942.html
2025-08-07 10:59:47,540 - INFO - Successfully created DB engine.
2025-08-07 10:59:47,592 - INFO - Successfully created DB engine.
2025-08-07 10:59:47,751 - ERROR - Results view error: /media/full_analysis_20250807_105947.html
2025-08-07 11:00:00,734 - INFO - /home/asus/PROJECT/Seismo/seismos_app/views.py changed, reloading.
2025-08-07 11:00:35,560 - INFO - Hisoblangan radius(R): 100.0 km
2025-08-07 11:00:37,130 - INFO - Successfully created DB engine.
2025-08-07 11:00:37,168 - INFO - package: mysql.connector.plugins
2025-08-07 11:00:37,168 - INFO - plugin_name: caching_sha2_password
2025-08-07 11:00:37,168 - INFO - AUTHENTICATION_PLUGIN_CLASS: MySQLCachingSHA2PasswordAuthPlugin
2025-08-07 11:00:37,168 - INFO - package: mysql.connector.plugins
2025-08-07 11:00:37,168 - INFO - plugin_name: mysql_native_password
2025-08-07 11:00:37,169 - INFO - AUTHENTICATION_PLUGIN_CLASS: MySQLNativePasswordAuthPlugin
2025-08-07 11:00:37,180 - INFO - Successfully created DB engine.
2025-08-07 11:00:46,055 - INFO - Hisoblangan radius(R): 100.0 km
2025-08-07 11:00:47,526 - INFO - Successfully created DB engine.
2025-08-07 11:00:47,576 - INFO - Successfully created DB engine.
2025-08-07 12:20:18,519 - INFO - Successfully created DB engine.
2025-08-07 12:20:25,063 - INFO - Hisoblangan radius(R): 100.0 km
2025-08-07 12:20:26,544 - INFO - Successfully created DB engine.
2025-08-07 12:20:26,596 - INFO - Successfully created DB engine.
2025-08-07 12:20:37,730 - INFO - /home/asus/PROJECT/Seismo/seismos_app/views.py changed, reloading.
2025-08-07 12:21:56,049 - INFO - Hisoblangan radius(R): 100.0 km
2025-08-07 12:21:57,619 - INFO - Successfully created DB engine.
2025-08-07 12:21:57,658 - INFO - package: mysql.connector.plugins
2025-08-07 12:21:57,658 - INFO - plugin_name: caching_sha2_password
2025-08-07 12:21:57,658 - INFO - AUTHENTICATION_PLUGIN_CLASS: MySQLCachingSHA2PasswordAuthPlugin
2025-08-07 12:21:57,658 - INFO - package: mysql.connector.plugins
2025-08-07 12:21:57,658 - INFO - plugin_name: mysql_native_password
2025-08-07 12:21:57,658 - INFO - AUTHENTICATION_PLUGIN_CLASS: MySQLNativePasswordAuthPlugin
2025-08-07 12:21:57,678 - INFO - Successfully created DB engine.
2025-08-07 12:22:32,399 - INFO - Hisoblangan radius(R): 100.0 km
2025-08-07 12:22:33,834 - INFO - Successfully created DB engine.
2025-08-07 12:22:33,887 - INFO - Successfully created DB engine.
2025-08-07 12:25:33,578 - INFO - Successfully created DB engine.
2025-08-07 12:25:40,221 - INFO - Hisoblangan radius(R): 100.0 km
2025-08-07 12:25:41,682 - INFO - Successfully created DB engine.
2025-08-07 12:25:41,733 - INFO - Successfully created DB engine.
2025-08-07 12:25:41,891 - ERROR - Results view error: /media/full_analysis_20250807_122541.html
